<?xml version="1.0"?>
<opml version="2.0">
  <head>
    <ownerEmail>
      aggregat4@gmail.com
    </ownerEmail>
  </head>
  <body>
    <outline text="Oneliner import" _note="Oneliner note">
    </outline>
  </body>
</opml>