<?xml version="1.0"?>
<opml version="2.0">
  <head>
    <ownerEmail>
      aggregat4@gmail.com
    </ownerEmail>
  </head>
  <body>
    <outline text="Test" _note="asda sdas asd asdsa ">
      <outline text="things">
        <outline text="alike" />
      </outline>
      <outline text="some">
        <outline text="node and this is crazys" _note="asd asdasdf asdf asdfase https://workflowy.com/#/fad2f8b18075" />
      </outline>
      <outline text="children">
        <outline text="lsdkfjsldkfj alksdhalskdj alskdj alksjdh alksjdfh laksjd flkasjdhf aklsjdhf aklsdjh aklsdjf aklsjdfhalksdj &lt;b&gt;halksdjh aklsjd askljdhaslkdj alskdj&lt;/b&gt; haslkdj haslkdj haslkdjhaslkdj halskdj halskjdalksdjalksjdhalskdjaslkdjasd Sueuehej rehdhdudue e e eheuehehe. Ehshdudue ehehehdj bcbbcbxbxnxnxnx xjdbdbd ehdjsdjdhbdbfhbdbdbdhd. Dat dhdbd djd djd fnfn">
          <outline text="sldkfjlsdkjf">
            <outline text="awdasd" />
          </outline>
          <outline text="sss" />
          <outline text="sdflkdsjfglkfdjg">
            <outline text="dfsdf asdf asdf sadf asdf" />
            <outline text="asdf" />
          </outline>
          <outline text="aa" />
        </outline>
        <outline text="asdasd">
          <outline text="sd sdf sdf " />
          <outline text="sd fsd fsdf " />
          <outline text="sdf sd ls dkjsdf " />
          <outline text="sd fsd fkj">
            <outline text="asdas a sdasd as" />
            <outline text="as dasd " />
            <outline text="as d" />
          </outline>
        </outline>
        <outline text="asd" />
        <outline text="asd" />
        <outline text="b" />
      </outline>
      <outline text="some" _note="asdasdasdasd" />
      <outline text="parents">
        <outline text="c" />
      </outline>
    </outline>
  </body>
</opml>